This is pdfTeX, Version 3.14159265-2.6-1.40.16 (TeX Live 2015/Debian) (preloaded format=pdflatex 2016.4.24)  29 APR 2016 22:09
entering extended mode
 restricted \write18 enabled.
 %&-line parsing enabled.
**thesis.tex
(./thesis.tex
LaTeX2e <2016/02/01>
Babel <3.9q> and hyphenation patterns for 33 language(s) loaded.
(/usr/share/texlive/texmf-dist/tex/latex/base/article.cls
Document Class: article 2014/09/29 v1.4h Standard LaTeX document class
(/usr/share/texlive/texmf-dist/tex/latex/base/size12.clo
File: size12.clo 2014/09/29 v1.4h Standard LaTeX file (size option)
)
\c@part=\count79
\c@section=\count80
\c@subsection=\count81
\c@subsubsection=\count82
\c@paragraph=\count83
\c@subparagraph=\count84
\c@figure=\count85
\c@table=\count86
\abovecaptionskip=\skip41
\belowcaptionskip=\skip42
\bibindent=\dimen102
)
(/usr/share/texlive/texmf-dist/tex/generic/babel/babel.sty
Package: babel 2016/02/24 3.9q The Babel package

(/usr/share/texlive/texmf-dist/tex/generic/babel-slovak/slovak.ldf
Language: slovak 2008/07/06 v3.1a Slovak support from the babel system

(/usr/share/texlive/texmf-dist/tex/generic/babel/babel.def
File: babel.def 2016/02/24 3.9q Babel common definitions
\babel@savecnt=\count87
\U@D=\dimen103
)
Package babel Info: Making ^ an active character on input line 123.
Package babel Info: Making " an active character on input line 126.
Package babel Info: Making ' an active character on input line 129.
\cs@wordlen=\count88
Package babel Info: Making - an active character on input line 294.
))
(/usr/share/texlive/texmf-dist/tex/latex/base/inputenc.sty
Package: inputenc 2015/03/17 v1.2c Input encoding file
\inpenc@prehook=\toks14
\inpenc@posthook=\toks15

(/usr/share/texlive/texmf-dist/tex/latex/base/cp1250.def
File: cp1250.def 2015/03/17 v1.2c Input encoding file
))
(/usr/share/texlive/texmf-dist/tex/latex/base/fontenc.sty
Package: fontenc 2005/09/27 v1.99g Standard LaTeX package

(/usr/share/texlive/texmf-dist/tex/latex/base/t1enc.def
File: t1enc.def 2005/09/27 v1.99g Standard LaTeX file
LaTeX Font Info:    Redeclaring font encoding T1 on input line 48.
))
(/usr/share/texlive/texmf-dist/tex/latex/graphics/graphicx.sty
Package: graphicx 2014/10/28 v1.0g Enhanced LaTeX Graphics (DPC,SPQR)

(/usr/share/texlive/texmf-dist/tex/latex/graphics/keyval.sty
Package: keyval 2014/10/28 v1.15 key=value parser (DPC)
\KV@toks@=\toks16
)
(/usr/share/texlive/texmf-dist/tex/latex/graphics/graphics.sty
Package: graphics 2016/01/03 v1.0q Standard LaTeX Graphics (DPC,SPQR)

(/usr/share/texlive/texmf-dist/tex/latex/graphics/trig.sty
Package: trig 2016/01/03 v1.10 sin cos tan (DPC)
)
(/usr/share/texlive/texmf-dist/tex/latex/latexconfig/graphics.cfg
File: graphics.cfg 2010/04/23 v1.9 graphics configuration of TeX Live
)
Package graphics Info: Driver file: pdftex.def on input line 95.

(/usr/share/texlive/texmf-dist/tex/latex/pdftex-def/pdftex.def
File: pdftex.def 2011/05/27 v0.06d Graphics/color for pdfTeX

(/usr/share/texlive/texmf-dist/tex/generic/oberdiek/infwarerr.sty
Package: infwarerr 2010/04/08 v1.3 Providing info/warning/error messages (HO)
)
(/usr/share/texlive/texmf-dist/tex/generic/oberdiek/ltxcmds.sty
Package: ltxcmds 2011/11/09 v1.22 LaTeX kernel commands for general use (HO)
)
\Gread@gobject=\count89
))
\Gin@req@height=\dimen104
\Gin@req@width=\dimen105
)
(/usr/share/texlive/texmf-dist/tex/latex/eurosym/eurosym.sty
Package: eurosym 1998/08/06 v1.1 European currency symbol ``Euro''
\@eurobox=\box26
)
(/usr/share/texlive/texmf-dist/tex/latex/tools/indentfirst.sty
Package: indentfirst 1995/11/23 v1.03 Indent first paragraph (DPC)
)
(/usr/share/texlive/texmf-dist/tex/latex/enumitem/enumitem.sty
Package: enumitem 2011/09/28 v3.5.2 Customized lists
\labelindent=\skip43
\enit@outerparindent=\dimen106
\enit@toks=\toks17
\enit@inbox=\box27
\enitdp@description=\count90
)
(/usr/share/texlive/texmf-dist/tex/latex/pgf/frontendlayer/tikz.sty
(/usr/share/texlive/texmf-dist/tex/latex/pgf/basiclayer/pgf.sty
(/usr/share/texlive/texmf-dist/tex/latex/pgf/utilities/pgfrcs.sty
(/usr/share/texlive/texmf-dist/tex/generic/pgf/utilities/pgfutil-common.tex
\pgfutil@everybye=\toks18
\pgfutil@tempdima=\dimen107
\pgfutil@tempdimb=\dimen108

(/usr/share/texlive/texmf-dist/tex/generic/pgf/utilities/pgfutil-common-lists.t
ex)) (/usr/share/texlive/texmf-dist/tex/generic/pgf/utilities/pgfutil-latex.def
\pgfutil@abb=\box28
(/usr/share/texlive/texmf-dist/tex/latex/ms/everyshi.sty
Package: everyshi 2001/05/15 v3.00 EveryShipout Package (MS)
))
(/usr/share/texlive/texmf-dist/tex/generic/pgf/utilities/pgfrcs.code.tex
Package: pgfrcs 2015/08/07 v3.0.1a (rcs-revision 1.31)
))
Package: pgf 2015/08/07 v3.0.1a (rcs-revision 1.15)

(/usr/share/texlive/texmf-dist/tex/latex/pgf/basiclayer/pgfcore.sty
(/usr/share/texlive/texmf-dist/tex/latex/pgf/systemlayer/pgfsys.sty
(/usr/share/texlive/texmf-dist/tex/generic/pgf/systemlayer/pgfsys.code.tex
Package: pgfsys 2014/07/09 v3.0.1a (rcs-revision 1.48)

(/usr/share/texlive/texmf-dist/tex/generic/pgf/utilities/pgfkeys.code.tex
\pgfkeys@pathtoks=\toks19
\pgfkeys@temptoks=\toks20

(/usr/share/texlive/texmf-dist/tex/generic/pgf/utilities/pgfkeysfiltered.code.t
ex
\pgfkeys@tmptoks=\toks21
))
\pgf@x=\dimen109
\pgf@y=\dimen110
\pgf@xa=\dimen111
\pgf@ya=\dimen112
\pgf@xb=\dimen113
\pgf@yb=\dimen114
\pgf@xc=\dimen115
\pgf@yc=\dimen116
\w@pgf@writea=\write3
\r@pgf@reada=\read1
\c@pgf@counta=\count91
\c@pgf@countb=\count92
\c@pgf@countc=\count93
\c@pgf@countd=\count94
\t@pgf@toka=\toks22
\t@pgf@tokb=\toks23
\t@pgf@tokc=\toks24
 (/usr/share/texlive/texmf-dist/tex/generic/pgf/systemlayer/pgf.cfg
File: pgf.cfg 2008/05/14  (rcs-revision 1.7)
)
Driver file for pgf: pgfsys-pdftex.def

(/usr/share/texlive/texmf-dist/tex/generic/pgf/systemlayer/pgfsys-pdftex.def
File: pgfsys-pdftex.def 2014/10/11  (rcs-revision 1.35)

(/usr/share/texlive/texmf-dist/tex/generic/pgf/systemlayer/pgfsys-common-pdf.de
f
File: pgfsys-common-pdf.def 2013/10/10  (rcs-revision 1.13)
)))
(/usr/share/texlive/texmf-dist/tex/generic/pgf/systemlayer/pgfsyssoftpath.code.
tex
File: pgfsyssoftpath.code.tex 2013/09/09  (rcs-revision 1.9)
\pgfsyssoftpath@smallbuffer@items=\count95
\pgfsyssoftpath@bigbuffer@items=\count96
)
(/usr/share/texlive/texmf-dist/tex/generic/pgf/systemlayer/pgfsysprotocol.code.
tex
File: pgfsysprotocol.code.tex 2006/10/16  (rcs-revision 1.4)
)) (/usr/share/texlive/texmf-dist/tex/latex/xcolor/xcolor.sty
Package: xcolor 2007/01/21 v2.11 LaTeX color extensions (UK)

(/usr/share/texlive/texmf-dist/tex/latex/latexconfig/color.cfg
File: color.cfg 2007/01/18 v1.5 color configuration of teTeX/TeXLive
)
Package xcolor Info: Driver file: pdftex.def on input line 225.
Package xcolor Info: Model `cmy' substituted by `cmy0' on input line 1337.
Package xcolor Info: Model `hsb' substituted by `rgb' on input line 1341.
Package xcolor Info: Model `RGB' extended on input line 1353.
Package xcolor Info: Model `HTML' substituted by `rgb' on input line 1355.
Package xcolor Info: Model `Hsb' substituted by `hsb' on input line 1356.
Package xcolor Info: Model `tHsb' substituted by `hsb' on input line 1357.
Package xcolor Info: Model `HSB' substituted by `hsb' on input line 1358.
Package xcolor Info: Model `Gray' substituted by `gray' on input line 1359.
Package xcolor Info: Model `wave' substituted by `hsb' on input line 1360.
)
(/usr/share/texlive/texmf-dist/tex/generic/pgf/basiclayer/pgfcore.code.tex
Package: pgfcore 2010/04/11 v3.0.1a (rcs-revision 1.7)

(/usr/share/texlive/texmf-dist/tex/generic/pgf/math/pgfmath.code.tex
(/usr/share/texlive/texmf-dist/tex/generic/pgf/math/pgfmathcalc.code.tex
(/usr/share/texlive/texmf-dist/tex/generic/pgf/math/pgfmathutil.code.tex)
(/usr/share/texlive/texmf-dist/tex/generic/pgf/math/pgfmathparser.code.tex
\pgfmath@dimen=\dimen117
\pgfmath@count=\count97
\pgfmath@box=\box29
\pgfmath@toks=\toks25
\pgfmath@stack@operand=\toks26
\pgfmath@stack@operation=\toks27
)
(/usr/share/texlive/texmf-dist/tex/generic/pgf/math/pgfmathfunctions.code.tex
(/usr/share/texlive/texmf-dist/tex/generic/pgf/math/pgfmathfunctions.basic.code
.tex)
(/usr/share/texlive/texmf-dist/tex/generic/pgf/math/pgfmathfunctions.trigonomet
ric.code.tex)
(/usr/share/texlive/texmf-dist/tex/generic/pgf/math/pgfmathfunctions.random.cod
e.tex)
(/usr/share/texlive/texmf-dist/tex/generic/pgf/math/pgfmathfunctions.comparison
.code.tex)
(/usr/share/texlive/texmf-dist/tex/generic/pgf/math/pgfmathfunctions.base.code.
tex)
(/usr/share/texlive/texmf-dist/tex/generic/pgf/math/pgfmathfunctions.round.code
.tex)
(/usr/share/texlive/texmf-dist/tex/generic/pgf/math/pgfmathfunctions.misc.code.
tex)
(/usr/share/texlive/texmf-dist/tex/generic/pgf/math/pgfmathfunctions.integerari
thmetics.code.tex)))
(/usr/share/texlive/texmf-dist/tex/generic/pgf/math/pgfmathfloat.code.tex
\c@pgfmathroundto@lastzeros=\count98
))
(/usr/share/texlive/texmf-dist/tex/generic/pgf/basiclayer/pgfcorepoints.code.te
x
File: pgfcorepoints.code.tex 2013/10/07  (rcs-revision 1.27)
\pgf@picminx=\dimen118
\pgf@picmaxx=\dimen119
\pgf@picminy=\dimen120
\pgf@picmaxy=\dimen121
\pgf@pathminx=\dimen122
\pgf@pathmaxx=\dimen123
\pgf@pathminy=\dimen124
\pgf@pathmaxy=\dimen125
\pgf@xx=\dimen126
\pgf@xy=\dimen127
\pgf@yx=\dimen128
\pgf@yy=\dimen129
\pgf@zx=\dimen130
\pgf@zy=\dimen131
)
(/usr/share/texlive/texmf-dist/tex/generic/pgf/basiclayer/pgfcorepathconstruct.
code.tex
File: pgfcorepathconstruct.code.tex 2013/10/07  (rcs-revision 1.29)
\pgf@path@lastx=\dimen132
\pgf@path@lasty=\dimen133
)
(/usr/share/texlive/texmf-dist/tex/generic/pgf/basiclayer/pgfcorepathusage.code
.tex
File: pgfcorepathusage.code.tex 2014/11/02  (rcs-revision 1.24)
\pgf@shorten@end@additional=\dimen134
\pgf@shorten@start@additional=\dimen135
)
(/usr/share/texlive/texmf-dist/tex/generic/pgf/basiclayer/pgfcorescopes.code.te
x
File: pgfcorescopes.code.tex 2015/05/08  (rcs-revision 1.46)
\pgfpic=\box30
\pgf@hbox=\box31
\pgf@layerbox@main=\box32
\pgf@picture@serial@count=\count99
)
(/usr/share/texlive/texmf-dist/tex/generic/pgf/basiclayer/pgfcoregraphicstate.c
ode.tex
File: pgfcoregraphicstate.code.tex 2014/11/02  (rcs-revision 1.12)
\pgflinewidth=\dimen136
)
(/usr/share/texlive/texmf-dist/tex/generic/pgf/basiclayer/pgfcoretransformation
s.code.tex
File: pgfcoretransformations.code.tex 2015/08/07  (rcs-revision 1.20)
\pgf@pt@x=\dimen137
\pgf@pt@y=\dimen138
\pgf@pt@temp=\dimen139
)
(/usr/share/texlive/texmf-dist/tex/generic/pgf/basiclayer/pgfcorequick.code.tex
File: pgfcorequick.code.tex 2008/10/09  (rcs-revision 1.3)
)
(/usr/share/texlive/texmf-dist/tex/generic/pgf/basiclayer/pgfcoreobjects.code.t
ex
File: pgfcoreobjects.code.tex 2006/10/11  (rcs-revision 1.2)
)
(/usr/share/texlive/texmf-dist/tex/generic/pgf/basiclayer/pgfcorepathprocessing
.code.tex
File: pgfcorepathprocessing.code.tex 2013/09/09  (rcs-revision 1.9)
)
(/usr/share/texlive/texmf-dist/tex/generic/pgf/basiclayer/pgfcorearrows.code.te
x
File: pgfcorearrows.code.tex 2015/05/14  (rcs-revision 1.43)
\pgfarrowsep=\dimen140
)
(/usr/share/texlive/texmf-dist/tex/generic/pgf/basiclayer/pgfcoreshade.code.tex
File: pgfcoreshade.code.tex 2013/07/15  (rcs-revision 1.15)
\pgf@max=\dimen141
\pgf@sys@shading@range@num=\count100
)
(/usr/share/texlive/texmf-dist/tex/generic/pgf/basiclayer/pgfcoreimage.code.tex
File: pgfcoreimage.code.tex 2013/07/15  (rcs-revision 1.18)

(/usr/share/texlive/texmf-dist/tex/generic/pgf/basiclayer/pgfcoreexternal.code.
tex
File: pgfcoreexternal.code.tex 2014/07/09  (rcs-revision 1.21)
\pgfexternal@startupbox=\box33
))
(/usr/share/texlive/texmf-dist/tex/generic/pgf/basiclayer/pgfcorelayers.code.te
x
File: pgfcorelayers.code.tex 2013/07/18  (rcs-revision 1.7)
)
(/usr/share/texlive/texmf-dist/tex/generic/pgf/basiclayer/pgfcoretransparency.c
ode.tex
File: pgfcoretransparency.code.tex 2013/09/30  (rcs-revision 1.5)
)
(/usr/share/texlive/texmf-dist/tex/generic/pgf/basiclayer/pgfcorepatterns.code.
tex
File: pgfcorepatterns.code.tex 2013/11/07  (rcs-revision 1.5)
)))
(/usr/share/texlive/texmf-dist/tex/generic/pgf/modules/pgfmoduleshapes.code.tex
File: pgfmoduleshapes.code.tex 2014/03/21  (rcs-revision 1.35)
\pgfnodeparttextbox=\box34
) (/usr/share/texlive/texmf-dist/tex/generic/pgf/modules/pgfmoduleplot.code.tex
File: pgfmoduleplot.code.tex 2015/08/03  (rcs-revision 1.13)
)
(/usr/share/texlive/texmf-dist/tex/latex/pgf/compatibility/pgfcomp-version-0-65
.sty
Package: pgfcomp-version-0-65 2007/07/03 v3.0.1a (rcs-revision 1.7)
\pgf@nodesepstart=\dimen142
\pgf@nodesepend=\dimen143
)
(/usr/share/texlive/texmf-dist/tex/latex/pgf/compatibility/pgfcomp-version-1-18
.sty
Package: pgfcomp-version-1-18 2007/07/23 v3.0.1a (rcs-revision 1.1)
)) (/usr/share/texlive/texmf-dist/tex/latex/pgf/utilities/pgffor.sty
(/usr/share/texlive/texmf-dist/tex/latex/pgf/utilities/pgfkeys.sty
(/usr/share/texlive/texmf-dist/tex/generic/pgf/utilities/pgfkeys.code.tex))
(/usr/share/texlive/texmf-dist/tex/latex/pgf/math/pgfmath.sty
(/usr/share/texlive/texmf-dist/tex/generic/pgf/math/pgfmath.code.tex))
(/usr/share/texlive/texmf-dist/tex/generic/pgf/utilities/pgffor.code.tex
Package: pgffor 2013/12/13 v3.0.1a (rcs-revision 1.25)

(/usr/share/texlive/texmf-dist/tex/generic/pgf/math/pgfmath.code.tex)
\pgffor@iter=\dimen144
\pgffor@skip=\dimen145
\pgffor@stack=\toks28
\pgffor@toks=\toks29
))
(/usr/share/texlive/texmf-dist/tex/generic/pgf/frontendlayer/tikz/tikz.code.tex
Package: tikz 2015/08/07 v3.0.1a (rcs-revision 1.151)

(/usr/share/texlive/texmf-dist/tex/generic/pgf/libraries/pgflibraryplothandlers
.code.tex
File: pgflibraryplothandlers.code.tex 2013/08/31 v3.0.1a (rcs-revision 1.20)
\pgf@plot@mark@count=\count101
\pgfplotmarksize=\dimen146
)
\tikz@lastx=\dimen147
\tikz@lasty=\dimen148
\tikz@lastxsaved=\dimen149
\tikz@lastysaved=\dimen150
\tikzleveldistance=\dimen151
\tikzsiblingdistance=\dimen152
\tikz@figbox=\box35
\tikz@figbox@bg=\box36
\tikz@tempbox=\box37
\tikz@tempbox@bg=\box38
\tikztreelevel=\count102
\tikznumberofchildren=\count103
\tikznumberofcurrentchild=\count104
\tikz@fig@count=\count105

(/usr/share/texlive/texmf-dist/tex/generic/pgf/modules/pgfmodulematrix.code.tex
File: pgfmodulematrix.code.tex 2013/09/17  (rcs-revision 1.8)
\pgfmatrixcurrentrow=\count106
\pgfmatrixcurrentcolumn=\count107
\pgf@matrix@numberofcolumns=\count108
)
\tikz@expandcount=\count109

(/usr/share/texlive/texmf-dist/tex/generic/pgf/frontendlayer/tikz/libraries/tik
zlibrarytopaths.code.tex
File: tikzlibrarytopaths.code.tex 2008/06/17 v3.0.1a (rcs-revision 1.2)
)))
(/usr/share/texlive/texmf-dist/tex/latex/mathtools/mathtools.sty
Package: mathtools 2015/11/12 v1.18 mathematical typesetting tools

(/usr/share/texlive/texmf-dist/tex/latex/tools/calc.sty
Package: calc 2014/10/28 v4.3 Infix arithmetic (KKT,FJ)
\calc@Acount=\count110
\calc@Bcount=\count111
\calc@Adimen=\dimen153
\calc@Bdimen=\dimen154
\calc@Askip=\skip44
\calc@Bskip=\skip45
LaTeX Info: Redefining \setlength on input line 80.
LaTeX Info: Redefining \addtolength on input line 81.
\calc@Ccount=\count112
\calc@Cskip=\skip46
)
(/usr/share/texlive/texmf-dist/tex/latex/mathtools/mhsetup.sty
Package: mhsetup 2010/01/21 v1.2a programming setup (MH)
)
(/usr/share/texlive/texmf-dist/tex/latex/amsmath/amsmath.sty
Package: amsmath 2016/03/03 v2.15a AMS math features
\@mathmargin=\skip47

For additional information on amsmath, use the `?' option.
(/usr/share/texlive/texmf-dist/tex/latex/amsmath/amstext.sty
Package: amstext 2000/06/29 v2.01 AMS text

(/usr/share/texlive/texmf-dist/tex/latex/amsmath/amsgen.sty
File: amsgen.sty 1999/11/30 v2.0 generic functions
\@emptytoks=\toks30
\ex@=\dimen155
))
(/usr/share/texlive/texmf-dist/tex/latex/amsmath/amsbsy.sty
Package: amsbsy 1999/11/29 v1.2d Bold Symbols
\pmbraise@=\dimen156
)
(/usr/share/texlive/texmf-dist/tex/latex/amsmath/amsopn.sty
Package: amsopn 1999/12/14 v2.01 operator names
)
\inf@bad=\count113
LaTeX Info: Redefining \frac on input line 199.
\uproot@=\count114
\leftroot@=\count115
LaTeX Info: Redefining \overline on input line 297.
\classnum@=\count116
\DOTSCASE@=\count117
LaTeX Info: Redefining \ldots on input line 394.
LaTeX Info: Redefining \dots on input line 397.
LaTeX Info: Redefining \cdots on input line 518.
\Mathstrutbox@=\box39
\strutbox@=\box40
\big@size=\dimen157
LaTeX Font Info:    Redeclaring font encoding OML on input line 630.
LaTeX Font Info:    Redeclaring font encoding OMS on input line 631.
\macc@depth=\count118
\c@MaxMatrixCols=\count119
\dotsspace@=\muskip10
\c@parentequation=\count120
\dspbrk@lvl=\count121
\tag@help=\toks31
\row@=\count122
\column@=\count123
\maxfields@=\count124
\andhelp@=\toks32
\eqnshift@=\dimen158
\alignsep@=\dimen159
\tagshift@=\dimen160
\tagwidth@=\dimen161
\totwidth@=\dimen162
\lineht@=\dimen163
\@envbody=\toks33
\multlinegap=\skip48
\multlinetaggap=\skip49
\mathdisplay@stack=\toks34
LaTeX Info: Redefining \[ on input line 2735.
LaTeX Info: Redefining \] on input line 2736.
)
LaTeX Info: Thecontrolsequence`\('isalreadyrobust on input line 129.
LaTeX Info: Thecontrolsequence`\)'isalreadyrobust on input line 129.
LaTeX Info: Thecontrolsequence`\['isalreadyrobust on input line 129.
LaTeX Info: Thecontrolsequence`\]'isalreadyrobust on input line 129.
\g_MT_multlinerow_int=\count125
\l_MT_multwidth_dim=\dimen164
\origjot=\skip50
\l_MT_shortvdotswithinadjustabove_dim=\dimen165
\l_MT_shortvdotswithinadjustbelow_dim=\dimen166
\l_MT_above_intertext_sep=\dimen167
\l_MT_below_intertext_sep=\dimen168
\l_MT_above_shortintertext_sep=\dimen169
\l_MT_below_shortintertext_sep=\dimen170
)
(/usr/share/texlive/texmf-dist/tex/latex/amsfonts/amssymb.sty
Package: amssymb 2013/01/14 v3.01 AMS font symbols

(/usr/share/texlive/texmf-dist/tex/latex/amsfonts/amsfonts.sty
Package: amsfonts 2013/01/14 v3.01 Basic AMSFonts support
\symAMSa=\mathgroup4
\symAMSb=\mathgroup5
LaTeX Font Info:    Overwriting math alphabet `\mathfrak' in version `bold'
(Font)                  U/euf/m/n --> U/euf/b/n on input line 106.
))
(/usr/share/texlive/texmf-dist/tex/latex/base/latexsym.sty
Package: latexsym 1998/08/17 v2.2e Standard LaTeX package (lasy symbols)
\symlasy=\mathgroup6
LaTeX Font Info:    Overwriting symbol font `lasy' in version `bold'
(Font)                  U/lasy/m/n --> U/lasy/b/n on input line 52.
)
(/usr/share/texlive/texmf-dist/tex/latex/amscls/amsthm.sty
Package: amsthm 2015/03/04 v2.20.2
\thm@style=\toks35
\thm@bodyfont=\toks36
\thm@headfont=\toks37
\thm@notefont=\toks38
\thm@headpunct=\toks39
\thm@preskip=\skip51
\thm@postskip=\skip52
\thm@headsep=\skip53
\dth@everypar=\toks40
)
(/usr/share/texlive/texmf-dist/tex/latex/appendix/appendix.sty
Package: appendix 2009/09/02 v1.2b extra appendix facilities
\c@@pps=\count126
\c@@ppsavesec=\count127
\c@@ppsaveapp=\count128
)
(/usr/share/texlive/texmf-dist/tex/latex/geometry/geometry.sty
Package: geometry 2010/09/12 v5.6 Page Geometry

(/usr/share/texlive/texmf-dist/tex/generic/oberdiek/ifpdf.sty
Package: ifpdf 2011/01/30 v2.3 Provides the ifpdf switch (HO)
Package ifpdf Info: pdfTeX in PDF mode is detected.
)
(/usr/share/texlive/texmf-dist/tex/generic/oberdiek/ifvtex.sty
Package: ifvtex 2010/03/01 v1.5 Detect VTeX and its facilities (HO)
Package ifvtex Info: VTeX not detected.
)
(/usr/share/texlive/texmf-dist/tex/generic/ifxetex/ifxetex.sty
Package: ifxetex 2010/09/12 v0.6 Provides ifxetex conditional
)
\Gm@cnth=\count129
\Gm@cntv=\count130
\c@Gm@tempcnt=\count131
\Gm@bindingoffset=\dimen171
\Gm@wd@mp=\dimen172
\Gm@odd@mp=\dimen173
\Gm@even@mp=\dimen174
\Gm@layoutwidth=\dimen175
\Gm@layoutheight=\dimen176
\Gm@layouthoffset=\dimen177
\Gm@layoutvoffset=\dimen178
\Gm@dimlist=\toks41
)
(/usr/share/texlive/texmf-dist/tex/latex/float/float.sty
Package: float 2001/11/08 v1.3d Float enhancements (AL)
\c@float@type=\count132
\float@exts=\toks42
\float@box=\box41
\@float@everytoks=\toks43
\@floatcapt=\box42
)
(/usr/share/texlive/texmf-dist/tex/latex/fancyvrb/fancyvrb.sty
Package: fancyvrb 2008/02/07

Style option: `fancyvrb' v2.7a, with DG/SPQR fixes, and firstline=lastline fix 
<2008/02/07> (tvz)
\FV@CodeLineNo=\count133
\FV@InFile=\read2
\FV@TabBox=\box43
\c@FancyVerbLine=\count134
\FV@StepNumber=\count135
\FV@OutFile=\write4
)
(/usr/share/texlive/texmf-dist/tex/latex/fancyhdr/fancyhdr.sty
\fancy@headwidth=\skip54
\f@ncyO@elh=\skip55
\f@ncyO@erh=\skip56
\f@ncyO@olh=\skip57
\f@ncyO@orh=\skip58
\f@ncyO@elf=\skip59
\f@ncyO@erf=\skip60
\f@ncyO@olf=\skip61
\f@ncyO@orf=\skip62
) (./thesis.aux

LaTeX Warning: Label `fig:blocks' multiply defined.


LaTeX Warning: Label `fig:blocks' multiply defined.


LaTeX Warning: Label `fig:blocks' multiply defined.


LaTeX Warning: Label `fig:blocks' multiply defined.


LaTeX Warning: Label `fig:blocks' multiply defined.


LaTeX Warning: Label `fig:blocks' multiply defined.


LaTeX Warning: Label `structure' multiply defined.


LaTeX Warning: Label `structure' multiply defined.

)
\openout1 = `thesis.aux'.

LaTeX Font Info:    Checking defaults for OML/cmm/m/it on input line 32.
LaTeX Font Info:    ... okay on input line 32.
LaTeX Font Info:    Checking defaults for T1/cmr/m/n on input line 32.
LaTeX Font Info:    ... okay on input line 32.
LaTeX Font Info:    Checking defaults for OT1/cmr/m/n on input line 32.
LaTeX Font Info:    ... okay on input line 32.
LaTeX Font Info:    Checking defaults for OMS/cmsy/m/n on input line 32.
LaTeX Font Info:    ... okay on input line 32.
LaTeX Font Info:    Checking defaults for OMX/cmex/m/n on input line 32.
LaTeX Font Info:    ... okay on input line 32.
LaTeX Font Info:    Checking defaults for U/cmr/m/n on input line 32.
LaTeX Font Info:    ... okay on input line 32.
 (/usr/share/texlive/texmf-dist/tex/context/base/supp-pdf.mkii
[Loading MPS to PDF converter (version 2006.09.02).]
\scratchcounter=\count136
\scratchdimen=\dimen179
\scratchbox=\box44
\nofMPsegments=\count137
\nofMParguments=\count138
\everyMPshowfont=\toks44
\MPscratchCnt=\count139
\MPscratchDim=\dimen180
\MPnumerator=\count140
\makeMPintoPDFobject=\count141
\everyMPtoPDFconversion=\toks45
) (/usr/share/texlive/texmf-dist/tex/generic/oberdiek/pdftexcmds.sty
Package: pdftexcmds 2011/11/29 v0.20 Utility functions of pdfTeX for LuaTeX (HO
)

(/usr/share/texlive/texmf-dist/tex/generic/oberdiek/ifluatex.sty
Package: ifluatex 2010/03/01 v1.3 Provides the ifluatex switch (HO)
Package ifluatex Info: LuaTeX not detected.
)
Package pdftexcmds Info: LuaTeX not detected.
Package pdftexcmds Info: \pdf@primitive is available.
Package pdftexcmds Info: \pdf@ifprimitive is available.
Package pdftexcmds Info: \pdfdraftmode found.
)
(/usr/share/texlive/texmf-dist/tex/latex/oberdiek/epstopdf-base.sty
Package: epstopdf-base 2010/02/09 v2.5 Base part for package epstopdf

(/usr/share/texlive/texmf-dist/tex/latex/oberdiek/grfext.sty
Package: grfext 2010/08/19 v1.1 Manage graphics extensions (HO)

(/usr/share/texlive/texmf-dist/tex/generic/oberdiek/kvdefinekeys.sty
Package: kvdefinekeys 2011/04/07 v1.3 Define keys (HO)
))
(/usr/share/texlive/texmf-dist/tex/latex/oberdiek/kvoptions.sty
Package: kvoptions 2011/06/30 v3.11 Key value format for package options (HO)

(/usr/share/texlive/texmf-dist/tex/generic/oberdiek/kvsetkeys.sty
Package: kvsetkeys 2012/04/25 v1.16 Key value parser (HO)

(/usr/share/texlive/texmf-dist/tex/generic/oberdiek/etexcmds.sty
Package: etexcmds 2011/02/16 v1.5 Avoid name clashes with e-TeX commands (HO)
Package etexcmds Info: Could not find \expanded.
(etexcmds)             That can mean that you are not using pdfTeX 1.50 or
(etexcmds)             that some package has redefined \expanded.
(etexcmds)             In the latter case, load this package earlier.
)))
Package grfext Info: Graphics extension search list:
(grfext)             [.png,.pdf,.jpg,.mps,.jpeg,.jbig2,.jb2,.PNG,.PDF,.JPG,.JPE
G,.JBIG2,.JB2,.eps]
(grfext)             \AppendGraphicsExtensions on input line 452.

(/usr/share/texlive/texmf-dist/tex/latex/latexconfig/epstopdf-sys.cfg
File: epstopdf-sys.cfg 2010/07/13 v1.3 Configuration of (r)epstopdf for TeX Liv
e
))
ABD: EveryShipout initializing macros
*geometry* driver: auto-detecting
*geometry* detected driver: pdftex
*geometry* verbose mode - [ preamble ] result:
* driver: pdftex
* paper: a4paper
* layout: <same size as paper>
* layoutoffset:(h,v)=(0.0pt,0.0pt)
* modes: 
* h-part:(L,W,R)=(99.58464pt, 441.01773pt, 56.9055pt)
* v-part:(T,H,B)=(71.13188pt, 702.78308pt, 71.13188pt)
* \paperwidth=597.50787pt
* \paperheight=845.04684pt
* \textwidth=441.01773pt
* \textheight=702.78308pt
* \oddsidemargin=27.31465pt
* \evensidemargin=27.31465pt
* \topmargin=-38.1381pt
* \headheight=12.0pt
* \headsep=25.0pt
* \topskip=12.0pt
* \footskip=30.0pt
* \marginparwidth=35.0pt
* \marginparsep=10.0pt
* \columnsep=10.0pt
* \skip\footins=10.8pt plus 4.0pt minus 2.0pt
* \hoffset=0.0pt
* \voffset=0.0pt
* \mag=1000
* \@twocolumnfalse
* \@twosidefalse
* \@mparswitchfalse
* \@reversemarginfalse
* (1in=72.27pt=25.4mm, 1cm=28.453pt)

LaTeX Font Info:    Try loading font information for U+msa on input line 42.
(/usr/share/texlive/texmf-dist/tex/latex/amsfonts/umsa.fd
File: umsa.fd 2013/01/14 v3.01 AMS symbols A
)
LaTeX Font Info:    Try loading font information for U+msb on input line 42.

(/usr/share/texlive/texmf-dist/tex/latex/amsfonts/umsb.fd
File: umsb.fd 2013/01/14 v3.01 AMS symbols B
)
LaTeX Font Info:    Try loading font information for U+lasy on input line 42.

(/usr/share/texlive/texmf-dist/tex/latex/base/ulasy.fd
File: ulasy.fd 1998/08/17 v2.2e LaTeX symbol font definitions
) [1

{/var/lib/texmf/fonts/map/pdftex/updmap/pdftex.map}] [2]
Underfull \hbox (badness 10000) in paragraph at lines 59--71

 []


Underfull \hbox (badness 10000) in paragraph at lines 59--71

 []

[3]
Underfull \hbox (badness 10000) in paragraph at lines 75--87

 []


Underfull \hbox (badness 10000) in paragraph at lines 75--87

 []

[4] (./thesis.toc [5])
\tf@toc=\write5
\openout5 = `thesis.toc'.



Package Fancyhdr Warning: \headheight is too small (12.0pt): 
 Make it at least 14.49998pt.
 We now make it that large for the rest of the document.
 This may cause the page layout to be inconsistent, however.

[6] (./thesis.lof
Overfull \hbox (0.866pt too wide) in paragraph at lines 9--9
 [][] []\T1/cmr/m/n/12 Vyuºitie prog-ra-mo-va-cích ja-zy-kov na ser-ve-ro-vej s
trane pre we-bové stránky 
 []

)
\tf@lof=\write6
\openout6 = `thesis.lof'.

 [7]

Package Fancyhdr Warning: \headheight is too small (12.0pt): 
 Make it at least 14.61858pt.
 We now make it that large for the rest of the document.
 This may cause the page layout to be inconsistent, however.

[8]
Underfull \hbox (badness 10000) in paragraph at lines 111--115

 []


Package Fancyhdr Warning: \headheight is too small (12.0pt): 
 Make it at least 14.61858pt.
 We now make it that large for the rest of the document.
 This may cause the page layout to be inconsistent, however.

[9]

Package Fancyhdr Warning: \headheight is too small (12.0pt): 
 Make it at least 14.61858pt.
 We now make it that large for the rest of the document.
 This may cause the page layout to be inconsistent, however.

[10]
\c@pndef=\count142


Package Fancyhdr Warning: \headheight is too small (12.0pt): 
 Make it at least 14.61858pt.
 We now make it that large for the rest of the document.
 This may cause the page layout to be inconsistent, however.

[11] <images/pn_grafik.png, id=52, 278.98642pt x 119.10419pt>
File: images/pn_grafik.png Graphic file (type png)

<use images/pn_grafik.png>
Package pdftex.def Info: images/pn_grafik.png used on input line 167.
(pdftex.def)             Requested size: 167.39313pt x 71.46304pt.

<images/inhibitor_reset.png, id=54, 356.50508pt x 55.71654pt>
File: images/inhibitor_reset.png Graphic file (type png)

<use images/inhibitor_reset.png>
Package pdftex.def Info: images/inhibitor_reset.png used on input line 181.
(pdftex.def)             Requested size: 213.9047pt x 33.43016pt.


Package Fancyhdr Warning: \headheight is too small (12.0pt): 
 Make it at least 14.61858pt.
 We now make it that large for the rest of the document.
 This may cause the page layout to be inconsistent, however.

[12 <./images/pn_grafik.png> <./images/inhibitor_reset.png>]
\c@wfdef=\count143


LaTeX Warning: Command \textbar invalid in math mode on input line 198.


LaTeX Warning: Command \textbar invalid in math mode on input line 199.

<images/ziadost.png, id=60, 541.01564pt x 167.55334pt>
File: images/ziadost.png Graphic file (type png)

<use images/ziadost.png>
Package pdftex.def Info: images/ziadost.png used on input line 208.
(pdftex.def)             Requested size: 324.61188pt x 100.53276pt.


Package Fancyhdr Warning: \headheight is too small (12.0pt): 
 Make it at least 14.61858pt.
 We now make it that large for the rest of the document.
 This may cause the page layout to be inconsistent, however.

[13] <images/blocks.png, id=66, 165.13089pt x 151.40363pt>
File: images/blocks.png Graphic file (type png)

<use images/blocks.png>
Package pdftex.def Info: images/blocks.png used on input line 218.
(pdftex.def)             Requested size: 99.07928pt x 90.84286pt.


Package Fancyhdr Warning: \headheight is too small (12.0pt): 
 Make it at least 14.61858pt.
 We now make it that large for the rest of the document.
 This may cause the page layout to be inconsistent, however.

[14 <./images/ziadost.png>]
<images/workflow-seq-routing.png, id=71, 360.59718pt x 45.16875pt>
File: images/workflow-seq-routing.png Graphic file (type png)

<use images/workflow-seq-routing.png>
Package pdftex.def Info: images/workflow-seq-routing.png used on input line 227
.
(pdftex.def)             Requested size: 216.35997pt x 27.10144pt.

<images/workflow-parallel-routing.png, id=72, 366.61969pt x 109.1578pt>
File: images/workflow-parallel-routing.png Graphic file (type png)

<use images/workflow-parallel-routing.png>
Package pdftex.def Info: images/workflow-parallel-routing.png used on input lin
e 234.
(pdftex.def)             Requested size: 219.97351pt x 65.49518pt.

<images/workflow-conditional-routing.png, id=73, 359.84438pt x 88.07906pt>
File: images/workflow-conditional-routing.png Graphic file (type png)

<use images/workflow-conditional-routing.png>
Package pdftex.def Info: images/workflow-conditional-routing.png used on input 
line 241.
(pdftex.def)             Requested size: 215.90828pt x 52.84782pt.


Package Fancyhdr Warning: \headheight is too small (12.0pt): 
 Make it at least 14.61858pt.
 We now make it that large for the rest of the document.
 This may cause the page layout to be inconsistent, however.

[15 <./images/blocks.png> <./images/workflow-seq-routing.png> <./images/workflo
w-parallel-routing.png> <./images/workflow-conditional-routing.png>]
\c@soundness=\count144


Package Fancyhdr Warning: \headheight is too small (12.0pt): 
 Make it at least 14.61858pt.
 We now make it that large for the rest of the document.
 This may cause the page layout to be inconsistent, however.

[16]

Package Fancyhdr Warning: \headheight is too small (12.0pt): 
 Make it at least 14.61858pt.
 We now make it that large for the rest of the document.
 This may cause the page layout to be inconsistent, however.

[17] <images/graph_php_popularity.png, id=85, 903.375pt x 501.875pt>
File: images/graph_php_popularity.png Graphic file (type png)

<use images/graph_php_popularity.png>
Package pdftex.def Info: images/graph_php_popularity.png used on input line 305
.
(pdftex.def)             Requested size: 542.02919pt x 301.12732pt.

Overfull \hbox (101.01146pt too wide) in paragraph at lines 305--306
 [][] 
 []


Package Fancyhdr Warning: \headheight is too small (12.0pt): 
 Make it at least 14.61858pt.
 We now make it that large for the rest of the document.
 This may cause the page layout to be inconsistent, however.

[18]

Package Fancyhdr Warning: \headheight is too small (12.0pt): 
 Make it at least 14.61858pt.
 We now make it that large for the rest of the document.
 This may cause the page layout to be inconsistent, however.

[19 <./images/graph_php_popularity.png (PNG copy)>]
<images/mvc.png, id=93, 370.23235pt x 217.6175pt>
File: images/mvc.png Graphic file (type png)
 <use images/mvc.png>
Package pdftex.def Info: images/mvc.png used on input line 340.
(pdftex.def)             Requested size: 222.14111pt x 130.57149pt.


Package Fancyhdr Warning: \headheight is too small (12.0pt): 
 Make it at least 14.61858pt.
 We now make it that large for the rest of the document.
 This may cause the page layout to be inconsistent, however.

[20] <images/registry.png, id=97, 354.08263pt x 322.18692pt>
File: images/registry.png Graphic file (type png)

<use images/registry.png>
Package pdftex.def Info: images/registry.png used on input line 349.
(pdftex.def)             Requested size: 212.4512pt x 193.31363pt.


Package Fancyhdr Warning: \headheight is too small (12.0pt): 
 Make it at least 14.61858pt.
 We now make it that large for the rest of the document.
 This may cause the page layout to be inconsistent, however.

[21 <./images/mvc.png> <./images/registry.png>]

Package Fancyhdr Warning: \headheight is too small (12.0pt): 
 Make it at least 14.61858pt.
 We now make it that large for the rest of the document.
 This may cause the page layout to be inconsistent, however.

[22]

Package Fancyhdr Warning: \headheight is too small (12.0pt): 
 Make it at least 15.04742pt.
 We now make it that large for the rest of the document.
 This may cause the page layout to be inconsistent, however.

[23] <images/palo.png, id=109, 702.625pt x 420.57124pt>
File: images/palo.png Graphic file (type png)
 <use images/palo.png>
Package pdftex.def Info: images/palo.png used on input line 379.
(pdftex.def)             Requested size: 421.57825pt x 252.3447pt.


Package Fancyhdr Warning: \headheight is too small (12.0pt): 
 Make it at least 15.04742pt.
 We now make it that large for the rest of the document.
 This may cause the page layout to be inconsistent, however.

[24]

Package Fancyhdr Warning: \headheight is too small (12.0pt): 
 Make it at least 15.04742pt.
 We now make it that large for the rest of the document.
 This may cause the page layout to be inconsistent, however.

[25 <./images/palo.png>]
Underfull \hbox (badness 10000) in paragraph at lines 388--390

 []


Package Fancyhdr Warning: \headheight is too small (12.0pt): 
 Make it at least 15.04742pt.
 We now make it that large for the rest of the document.
 This may cause the page layout to be inconsistent, however.

[26] <images/strukturasystemu.png, id=121, 530.92207pt x 452.19218pt>
File: images/strukturasystemu.png Graphic file (type png)

<use images/strukturasystemu.png>
Package pdftex.def Info: images/strukturasystemu.png used on input line 405.
(pdftex.def)             Requested size: 424.73824pt x 361.75423pt.


Package Fancyhdr Warning: \headheight is too small (12.0pt): 
 Make it at least 15.04742pt.
 We now make it that large for the rest of the document.
 This may cause the page layout to be inconsistent, however.

[27]
LaTeX Font Info:    Try loading font information for OMS+cmr on input line 412.

 (/usr/share/texlive/texmf-dist/tex/latex/base/omscmr.fd
File: omscmr.fd 2014/09/29 v2.5h Standard LaTeX font definitions
)
LaTeX Font Info:    Font shape `OMS/cmr/m/n' in size <12> not available
(Font)              Font shape `OMS/cmsy/m/n' tried instead on input line 412.


Package Fancyhdr Warning: \headheight is too small (12.0pt): 
 Make it at least 15.04742pt.
 We now make it that large for the rest of the document.
 This may cause the page layout to be inconsistent, however.

[28 <./images/strukturasystemu.png>]
LaTeX Font Info:    Try loading font information for T1+cmtt on input line 422.


(/usr/share/texlive/texmf-dist/tex/latex/base/t1cmtt.fd
File: t1cmtt.fd 2014/09/29 v2.5h Standard LaTeX font definitions
)

Package Fancyhdr Warning: \headheight is too small (12.0pt): 
 Make it at least 15.04742pt.
 We now make it that large for the rest of the document.
 This may cause the page layout to be inconsistent, however.

[29]

Package Fancyhdr Warning: \headheight is too small (12.0pt): 
 Make it at least 15.04742pt.
 We now make it that large for the rest of the document.
 This may cause the page layout to be inconsistent, however.

[30]

Package Fancyhdr Warning: \headheight is too small (12.0pt): 
 Make it at least 15.04742pt.
 We now make it that large for the rest of the document.
 This may cause the page layout to be inconsistent, however.

[31] <images/case_create.png, id=140, 503.63156pt x 145.29282pt>
File: images/case_create.png Graphic file (type png)

<use images/case_create.png>
Package pdftex.def Info: images/case_create.png used on input line 489.
(pdftex.def)             Requested size: 402.90579pt x 116.23439pt.


Package Fancyhdr Warning: \headheight is too small (12.0pt): 
 Make it at least 15.04742pt.
 We now make it that large for the rest of the document.
 This may cause the page layout to be inconsistent, however.

[32]

Package Fancyhdr Warning: \headheight is too small (12.0pt): 
 Make it at least 15.04742pt.
 We now make it that large for the rest of the document.
 This may cause the page layout to be inconsistent, however.

[33 <./images/case_create.png>]

Package Fancyhdr Warning: \headheight is too small (12.0pt): 
 Make it at least 15.04742pt.
 We now make it that large for the rest of the document.
 This may cause the page layout to be inconsistent, however.

[34]

Package Fancyhdr Warning: \headheight is too small (12.0pt): 
 Make it at least 15.04742pt.
 We now make it that large for the rest of the document.
 This may cause the page layout to be inconsistent, however.

[35]

Package Fancyhdr Warning: \headheight is too small (12.0pt): 
 Make it at least 15.04742pt.
 We now make it that large for the rest of the document.
 This may cause the page layout to be inconsistent, however.

[36]

Package Fancyhdr Warning: \headheight is too small (12.0pt): 
 Make it at least 14.61858pt.
 We now make it that large for the rest of the document.
 This may cause the page layout to be inconsistent, however.

[37]
Overfull \hbox (362.73108pt too wide) in paragraph at lines 601--602
\T1/cmr/m/n/12 nete: <http://citeseerx.ist.psu.edu/viewdoc/download;jsessionid=
B8F8CDAA74845325257536573F737B2B?doi=10.1.1.103.7990&rep=rep1&type=pdf> 
 []


Underfull \hbox (badness 10000) in paragraph at lines 617--618
[]\T1/cmr/m/it/12 Prof. Dr. Carl Adam Petri \T1/cmr/m/n/12 [on-line] [cit. 27.0
4.2016].
 []


Underfull \hbox (badness 10000) in paragraph at lines 617--618
\T1/cmr/m/n/12 Do-stupné na in-ter-nete: <http://www.informatik.uni-
 []


Underfull \hbox (badness 2970) in paragraph at lines 621--622
[]\T1/cmr/m/it/12 Introduction to HTML\T1/cmr/m/n/12 . [on-line] [cit. 27.04.20
16]. Do-stupné na in-ter-nete:
 []


Package Fancyhdr Warning: \headheight is too small (12.0pt): 
 Make it at least 14.61858pt.
 We now make it that large for the rest of the document.
 This may cause the page layout to be inconsistent, however.

[38]
Underfull \hbox (badness 6927) in paragraph at lines 623--624
[]\T1/cmr/m/it/12 HTML5 In-tro-duc-tion\T1/cmr/m/n/12 . [on-line] [cit. 27.04.2
016]. Do-stupné na in-ter-nete:
 []


Underfull \hbox (badness 10000) in paragraph at lines 625--626
[]\T1/cmr/m/it/12 CSS In-tro-duc-tion\T1/cmr/m/n/12 . [on-line] [cit. 27.04.201
6]. Do-stupné na in-ter-nete:
 []


Underfull \hbox (badness 3118) in paragraph at lines 627--628
[]\T1/cmr/m/it/12 JavaScript In-tro-duc-tion\T1/cmr/m/n/12 . [on-line] [cit. 27
.04.2016]. Do-stupné na in-ter-nete:
 []


Underfull \hbox (badness 6526) in paragraph at lines 629--630
[]\T1/cmr/m/it/12 PHP 5 In-tro-duc-tion\T1/cmr/m/n/12 . [on-line] [cit. 27.04.2
016]. Do-stupné na in-ter-nete:
 []


Underfull \hbox (badness 5847) in paragraph at lines 631--632
[]\T1/cmr/m/it/12 Introduction to SQL\T1/cmr/m/n/12 . [on-line] [cit. 27.04.201
6]. Do-stupné na in-ter-nete:
 []


Underfull \hbox (badness 10000) in paragraph at lines 633--634
[]\T1/cmr/m/it/12 AJAX In-tro-duc-tion\T1/cmr/m/n/12 . [on-line] [cit. 27.04.20
16]. Do-stupné na in-ter-nete:
 []


Underfull \hbox (badness 10000) in paragraph at lines 635--636
[]\T1/cmr/m/it/12 JSON Tu-to-rial\T1/cmr/m/n/12 . [on-line] [cit. 27.04.2016]. 
Do-stupné na in-ter-nete:
 []


Underfull \hbox (badness 10000) in paragraph at lines 637--638
[]\T1/cmr/m/it/12 XML Tu-to-rial\T1/cmr/m/n/12 . [on-line] [cit. 27.04.2016]. D
o-stupné na in-ter-nete:
 []


Underfull \hbox (badness 10000) in paragraph at lines 639--640
[]\T1/cmr/m/it/12 SVG Tu-to-rial\T1/cmr/m/n/12 . [on-line] [cit. 27.04.2016]. D
o-stupné na in-ter-nete:
 []


Underfull \hbox (badness 10000) in paragraph at lines 641--642
[]\T1/cmr/m/it/12 PHPManual\T1/cmr/m/n/12 . [on-line] [cit. 27.04.2016]. Do-stu
pné na in-ter-nete:
 []


Underfull \hbox (badness 10000) in paragraph at lines 643--644
[]\T1/cmr/m/it/12 Historical trends in the usage of server-side prog-ram-ming l
an-gu-
 []


Underfull \hbox (badness 10000) in paragraph at lines 643--644
\T1/cmr/m/it/12 ages for web-si-tes\T1/cmr/m/n/12 . [on-line] [cit. 27.04.2016]
. Do-stupné na in-ter-nete:
 []


Underfull \hbox (badness 4441) in paragraph at lines 645--646
[]\T1/cmr/m/it/12 What is My-SQL? What is a Da-ta-base? What is SQL?\T1/cmr/m/n
/12 . [on-line] [cit.
 []


Package Fancyhdr Warning: \headheight is too small (12.0pt): 
 Make it at least 14.61858pt.
 We now make it that large for the rest of the document.
 This may cause the page layout to be inconsistent, however.

[39]
Underfull \hbox (badness 10000) in paragraph at lines 651--652
[]\T1/cmr/m/it/12 Design Pat-terns\T1/cmr/m/n/12 . [on-line] [cit. 27.04.2016].
 Do-stupné na in-ter-nete:
 []


Underfull \hbox (badness 10000) in paragraph at lines 653--654
[]\T1/cmr/m/it/12 PSR-4: Au-to-lo-ader\T1/cmr/m/n/12 . [on-line] [cit. 29.04.20
16]. Do-stupné na in-ter-nete:
 []


Package Fancyhdr Warning: \headheight is too small (12.0pt): 
 Make it at least 14.61858pt.
 We now make it that large for the rest of the document.
 This may cause the page layout to be inconsistent, however.

[40]

Package Fancyhdr Warning: \headheight is too small (12.0pt): 
 Make it at least 14.61858pt.
 We now make it that large for the rest of the document.
 This may cause the page layout to be inconsistent, however.

[41] (./thesis.aux)

LaTeX Warning: There were multiply-defined labels.

 ) 
Here is how much of TeX's memory you used:
 15349 strings out of 494305
 287382 string characters out of 6162863
 341781 words of memory out of 5000000
 18330 multiletter control sequences out of 15000+600000
 15748 words of font info for 45 fonts, out of 8000000 for 9000
 382 hyphenation exceptions out of 8191
 55i,12n,54p,1500b,701s stack positions out of 5000i,500n,10000p,200000b,80000s
 </home/anuska/.texmf-var/fonts/pk/ljfour/jknappen/ec/ectt1200.600pk> </home/
anuska/.texmf-var/fonts/pk/ljfour/jknappen/ec/ecbi1200.600pk> </home/anuska/.te
xmf-var/fonts/pk/ljfour/jknappen/ec/ecti1200.600pk> </home/anuska/.texmf-var/fo
nts/pk/ljfour/jknappen/ec/ecbx1440.600pk> </home/anuska/.texmf-var/fonts/pk/ljf
our/jknappen/ec/ecsl1200.600pk> </home/anuska/.texmf-var/fonts/pk/ljfour/jknapp
en/ec/ecbx1200.600pk> </home/anuska/.texmf-var/fonts/pk/ljfour/jknappen/ec/ecrm
1200.600pk> </home/anuska/.texmf-var/fonts/pk/ljfour/jknappen/ec/ecbx1728.600pk
></usr/share/texlive/texmf-dist/fonts/type1/public/amsfonts/cm/cmmi12.pfb></usr
/share/texlive/texmf-dist/fonts/type1/public/amsfonts/cm/cmmi8.pfb></usr/share/
texlive/texmf-dist/fonts/type1/public/amsfonts/cm/cmr12.pfb></usr/share/texlive
/texmf-dist/fonts/type1/public/amsfonts/cm/cmr8.pfb></usr/share/texlive/texmf-d
ist/fonts/type1/public/amsfonts/cm/cmsy10.pfb></usr/share/texlive/texmf-dist/fo
nts/type1/public/amsfonts/cm/cmsy6.pfb></usr/share/texlive/texmf-dist/fonts/typ
e1/public/amsfonts/cm/cmsy8.pfb>
Output written on thesis.pdf (41 pages, 607800 bytes).
PDF statistics:
 742 PDF objects out of 1000 (max. 8388607)
 150 compressed objects within 2 object streams
 0 named destinations out of 1000 (max. 500000)
 78 words of extra memory for PDF output out of 10000 (max. 10000000)

